[2025-07-15 18:52:04] GET /api/brands -> 200 (843ms)
[2025-07-15 19:00:28] GET /api/brands/1 -> 200 (79ms)
[2025-07-15 19:00:45] GET /api/brands/4 -> 404 (3ms)
[2025-07-15 19:00:49] GET /api/brands/3 -> 200 (4ms)
[2025-07-15 19:00:53] GET /api/brands/2 -> 200 (4ms)
[2025-07-15 19:01:00] GET /api/brands/3 -> 200 (2ms)
[2025-07-15 19:01:01] GET /api/brands/4 -> 404 (1ms)
[2025-07-15 19:01:02] GET /api/brands/5 -> 404 (3ms)
[2025-07-15 19:01:04] GET /api/brands/6 -> 404 (2ms)
[2025-07-15 19:01:05] GET /api/brands/7 -> 404 (2ms)
[2025-07-15 19:01:06] GET /api/brands/1 -> 200 (1ms)
[2025-07-15 19:01:07] GET /api/brands/2 -> 200 (1ms)
[2025-07-15 19:01:08] GET /api/brands/3 -> 200 (2ms)
[2025-07-15 19:01:10] GET /api/brands/4 -> 404 (0ms)
[2025-07-15 19:01:11] GET /api/brands/2 -> 200 (2ms)
[2025-07-15 19:01:33] GET /api/brands/3 -> 200 (1ms)
[2025-07-15 19:01:34] GET /api/brands/2 -> 200 (2ms)
[2025-07-15 19:01:36] GET /api/brands/1 -> 200 (1ms)
[2025-07-15 19:01:38] GET /api/brands/2 -> 200 (1ms)
[2025-07-15 19:01:39] GET /api/brands/3 -> 200 (1ms)
[2025-07-15 19:02:25] GET /api/sales/brands/3 -> 200 (46ms)
[2025-07-15 19:02:58] GET /api/sales/vehicles/3 -> 200 (10ms)
[2025-07-15 19:03:21] GET /api/sales/vehicles/4 -> 200 (9ms)
[2025-07-15 19:03:22] GET /api/sales/vehicles/5 -> 200 (9ms)
[2025-07-15 19:03:23] GET /api/sales/vehicles/6 -> 200 (6ms)
[2025-07-15 19:03:24] GET /api/sales/vehicles/7 -> 200 (7ms)
[2025-07-15 19:03:25] GET /api/sales/vehicles/8 -> 200 (6ms)
[2025-07-15 19:03:26] GET /api/sales/vehicles/7 -> 200 (6ms)
[2025-07-15 19:03:43] GET /api/sales/bestSelling -> 400 (6ms)
[2025-07-15 19:03:52] GET /api/sales/vehicles/bestSelling -> 200 (20ms)
[2025-07-15 19:04:26] GET /api/sales/vehicles/bestSelling -> 200 (10ms)
[2025-07-15 19:04:39] GET /api/sales/vehicles/bestSelling -> 200 (23ms)
[2025-07-15 19:04:55] GET /api/sales/vehicles/bestSelling -> 200 (14ms)
[2025-07-15 19:04:59] GET /api/sales/vehicles/bestSelling -> 200 (8ms)
[2025-07-15 19:05:09] GET /api/sales/vehicles/bestSelling -> 200 (9ms)
[2025-07-15 19:05:11] GET /api/sales/vehicles/bestSelling -> 200 (8ms)
[2025-07-15 19:05:12] GET /api/sales/vehicles/bestSelling -> 200 (7ms)
[2025-07-15 19:05:14] GET /api/sales/vehicles/bestSelling -> 200 (7ms)
[2025-07-15 19:05:18] GET /api/sales/vehicles/bestSelling -> 200 (6ms)
[2025-07-15 19:05:21] GET /api/sales/vehicles/bestSelling -> 200 (8ms)
[2025-07-15 19:05:23] GET /api/sales/vehicles/bestSelling -> 200 (7ms)
[2025-07-15 19:05:24] GET /api/sales/vehicles/bestSelling -> 200 (7ms)
[2025-07-15 19:05:26] GET /api/sales/vehicles/bestSelling -> 200 (7ms)
[2025-07-15 19:05:27] GET /api/sales/vehicles/bestSelling -> 200 (8ms)
[2025-07-15 19:08:56] GET /api/sales/vehicles/bestSelling -> 200 (9ms)
[2025-07-15 19:14:48] GET /api/sales/brands/1 -> 200 (7ms)
[2025-07-15 19:15:58] GET /api/sales/brands/1 -> 200 (6ms)
[2025-07-15 19:16:19] GET /api/sales/brands/2 -> 200 (6ms)
[2025-07-15 19:16:23] GET /api/sales/brands/3 -> 200 (5ms)
[2025-07-15 19:16:37] GET /api/sales/vehicles/2 -> 200 (4ms)
[2025-07-15 19:17:09] GET /api/sales -> 200 (8ms)
[2025-07-15 19:17:18] GET /api/sales -> 200 (3ms)
[2025-07-15 19:17:27] GET /api/sales -> 200 (3ms)
[2025-07-15 19:17:42] GET /api/sales/vehicles/bestSelling -> 200 (7ms)
[2025-07-15 19:19:30] GET /api/brands -> 200 (5ms)
[2025-07-15 19:19:32] GET /api/brands -> 200 (1ms)
[2025-07-15 19:19:32] GET /api/brands -> 200 (2ms)
[2025-07-15 19:19:33] GET /api/brands -> 200 (1ms)
[2025-07-15 19:19:33] GET /api/brands -> 200 (1ms)
[2025-07-15 19:19:34] GET /api/brands -> 200 (1ms)
[2025-07-15 19:19:34] GET /api/brands -> 200 (1ms)
[2025-07-15 19:19:35] GET /api/brands -> 200 (1ms)
[2025-07-15 19:19:35] GET /api/brands -> 200 (2ms)
[2025-07-15 19:19:47] GET /api/brands/1 -> 200 (4ms)
[2025-07-15 19:19:52] GET /api/brands/1 -> 200 (2ms)
[2025-07-15 19:19:52] GET /api/brands/1 -> 200 (1ms)
